::1 - - [07/Apr/2020:10:39:30 +0000] "DELETE /api/v1/categories/5 HTTP/1.1" 200 73 "-" "PostmanRuntime/7.24.0"
::1 - - [07/Apr/2020:10:39:35 +0000] "GET /api/v1/categories/5 HTTP/1.1" 200 88 "-" "PostmanRuntime/7.24.0"
::1 - - [07/Apr/2020:10:39:37 +0000] "POST /api/v1/categories/5 HTTP/1.1" 404 159 "-" "PostmanRuntime/7.24.0"
::1 - - [07/Apr/2020:10:57:48 +0000] "GET /api/v1/categories HTTP/1.1" 200 109 "-" "PostmanRuntime/7.24.0"
::1 - - [07/Apr/2020:11:00:44 +0000] "GET /api/v1/categories/11 HTTP/1.1" 200 89 "-" "PostmanRuntime/7.24.0"
::1 - - [07/Apr/2020:11:03:02 +0000] "GET /api/v1/categories HTTP/1.1" 200 109 "-" "PostmanRuntime/7.24.0"
::1 - - [07/Apr/2020:11:18:04 +0000] "GET /api/v1/categories HTTP/1.1" 200 109 "-" "PostmanRuntime/7.24.0"
::1 - - [07/Apr/2020:11:19:30 +0000] "GET /api/v1/categories/12 HTTP/1.1" 200 89 "-" "PostmanRuntime/7.24.0"
::1 - - [07/Apr/2020:11:20:14 +0000] "POST /api/v1/categories HTTP/1.1" 200 68 "-" "PostmanRuntime/7.24.0"
::1 - - [07/Apr/2020:11:20:40 +0000] "PUT /api/v1/categories/1 HTTP/1.1" 200 75 "-" "PostmanRuntime/7.24.0"
::1 - - [07/Apr/2020:11:21:18 +0000] "GET /api/v1/categories/12 HTTP/1.1" 200 89 "-" "PostmanRuntime/7.24.0"
::1 - - [07/Apr/2020:11:21:22 +0000] "PUT /api/v1/categories/1 HTTP/1.1" 200 75 "-" "PostmanRuntime/7.24.0"
::1 - - [07/Apr/2020:11:21:28 +0000] "GET /api/v1/categories HTTP/1.1" 200 109 "-" "PostmanRuntime/7.24.0"
::1 - - [07/Apr/2020:11:25:11 +0000] "DELETE /api/v1/categories/23 HTTP/1.1" 200 74 "-" "PostmanRuntime/7.24.0"
::1 - - [07/Apr/2020:11:26:25 +0000] "PUT /api/v1/categories/1 HTTP/1.1" 200 75 "-" "PostmanRuntime/7.24.0"
::1 - - [09/Apr/2020:10:53:47 +0000] "GET / HTTP/1.1" 404 139 "-" "Mozilla/5.0 (Windows NT 10.0; Win64; x64) AppleWebKit/537.36 (KHTML, like Gecko) Chrome/80.0.3987.163 Safari/537.36"
::1 - - [10/Apr/2020:08:25:04 +0000] "GET /api/v1/categories HTTP/1.1" 200 109 "-" "PostmanRuntime/7.24.0"
::1 - - [10/Apr/2020:08:59:00 +0000] "POST /api/v1/categories HTTP/1.1" 200 68 "-" "PostmanRuntime/7.24.0"
::1 - - [10/Apr/2020:09:07:28 +0000] "POST /api/v1/categories HTTP/1.1" 200 68 "-" "PostmanRuntime/7.24.0"
::1 - - [10/Apr/2020:09:11:06 +0000] "POST /api/v1/categories HTTP/1.1" 200 68 "-" "PostmanRuntime/7.24.0"
::1 - - [10/Apr/2020:09:11:48 +0000] "POST /api/v1/categories HTTP/1.1" 200 68 "-" "PostmanRuntime/7.24.0"
::1 - - [10/Apr/2020:09:16:37 +0000] "POST /api/v1/categories HTTP/1.1" 400 553 "-" "PostmanRuntime/7.24.0"
::1 - - [10/Apr/2020:09:18:03 +0000] "POST /api/v1/categories HTTP/1.1" 200 270 "-" "PostmanRuntime/7.24.0"
::1 - - [10/Apr/2020:09:20:05 +0000] "POST /api/v1/categories HTTP/1.1" 400 279 "-" "PostmanRuntime/7.24.0"
::1 - - [10/Apr/2020:09:21:01 +0000] "POST /api/v1/categories HTTP/1.1" 400 664 "-" "PostmanRuntime/7.24.0"
::1 - - [10/Apr/2020:09:21:53 +0000] "POST /api/v1/categories HTTP/1.1" 200 270 "-" "PostmanRuntime/7.24.0"
::1 - - [10/Apr/2020:09:31:48 +0000] "GET /api/v1/categories HTTP/1.1" 200 519 "-" "PostmanRuntime/7.24.0"
::1 - - [10/Apr/2020:09:33:50 +0000] "GET /api/v1/categories/3333 HTTP/1.1" 200 91 "-" "PostmanRuntime/7.24.0"
::1 - - [10/Apr/2020:09:37:54 +0000] "GET /api/v1/categories/3333 HTTP/1.1" 400 205 "-" "PostmanRuntime/7.24.0"
::1 - - [10/Apr/2020:09:38:07 +0000] "GET /api/v1/categories HTTP/1.1" 200 519 "-" "PostmanRuntime/7.24.0"
::1 - - [10/Apr/2020:09:38:18 +0000] "GET /api/v1/categories/5e9039cb73ad354cb0b20cca HTTP/1.1" 200 270 "-" "PostmanRuntime/7.24.0"
::1 - - [10/Apr/2020:09:38:41 +0000] "GET /api/v1/categories/5e9039cb73ad354cb0b20cc1 HTTP/1.1" 200 28 "-" "PostmanRuntime/7.24.0"
::1 - - [10/Apr/2020:09:41:27 +0000] "GET /api/v1/categories/5e9039cb73ad354cb0b20cc1 HTTP/1.1" 400 95 "-" "PostmanRuntime/7.24.0"
::1 - - [10/Apr/2020:09:41:38 +0000] "GET /api/v1/categories/5e9039cb73ad354cb0b20cca HTTP/1.1" 200 270 "-" "PostmanRuntime/7.24.0"
::1 - - [10/Apr/2020:09:56:55 +0000] "GET /api/v1/categories/5e9039cb73ad354cb0b20cca HTTP/1.1" 200 270 "-" "PostmanRuntime/7.24.0"
::1 - - [10/Apr/2020:09:56:59 +0000] "GET /api/v1/categories/5e9039cb73ad354cb0b20cc1 HTTP/1.1" 400 95 "-" "PostmanRuntime/7.24.0"
::1 - - [10/Apr/2020:09:57:03 +0000] "GET /api/v1/categories/5e9039cb73ad354cb0b20cca HTTP/1.1" 400 95 "-" "PostmanRuntime/7.24.0"
::1 - - [10/Apr/2020:09:57:10 +0000] "GET /api/v1/categories/5e9039cb73ad354cb0b20cca HTTP/1.1" 400 95 "-" "PostmanRuntime/7.24.0"
::1 - - [10/Apr/2020:09:57:21 +0000] "GET /api/v1/categories/5e9039cb73ad354cb0b20cca HTTP/1.1" 400 95 "-" "PostmanRuntime/7.24.0"
::1 - - [10/Apr/2020:09:57:30 +0000] "GET /api/v1/categories/5e9039cb73ad354cb0b20cca HTTP/1.1" 400 95 "-" "PostmanRuntime/7.24.0"
::1 - - [10/Apr/2020:09:57:31 +0000] "GET /api/v1/categories/5e9039cb73ad354cb0b20cca HTTP/1.1" 400 95 "-" "PostmanRuntime/7.24.0"
::1 - - [10/Apr/2020:09:58:20 +0000] "GET /api/v1/categories HTTP/1.1" 200 272 "-" "PostmanRuntime/7.24.0"
::1 - - [10/Apr/2020:09:58:36 +0000] "POST /api/v1/categories HTTP/1.1" 200 272 "-" "PostmanRuntime/7.24.0"
::1 - - [10/Apr/2020:09:58:39 +0000] "GET /api/v1/categories HTTP/1.1" 200 521 "-" "PostmanRuntime/7.24.0"
::1 - - [10/Apr/2020:09:58:50 +0000] "GET /api/v1/categories/5e90434cd433fa11b078ed8a HTTP/1.1" 200 272 "-" "PostmanRuntime/7.24.0"
::1 - - [10/Apr/2020:10:01:21 +0000] "DELETE /api/v1/categories/23 HTTP/1.1" 200 74 "-" "PostmanRuntime/7.24.0"
::1 - - [10/Apr/2020:10:05:26 +0000] "GET /api/v1/categories HTTP/1.1" 200 521 "-" "PostmanRuntime/7.24.0"
::1 - - [10/Apr/2020:10:05:38 +0000] "DELETE /api/v1/categories/5e903ab0a6be03215ca50703 HTTP/1.1" 200 270 "-" "PostmanRuntime/7.24.0"
::1 - - [10/Apr/2020:10:06:00 +0000] "GET /api/v1/categories HTTP/1.1" 200 274 "-" "PostmanRuntime/7.24.0"
::1 - - [10/Apr/2020:10:06:10 +0000] "DELETE /api/v1/categories/32423 HTTP/1.1" 400 208 "-" "PostmanRuntime/7.24.0"
::1 - - [10/Apr/2020:10:06:39 +0000] "DELETE /api/v1/categories/5e90434cd433fa11b078ed83 HTTP/1.1" 400 95 "-" "PostmanRuntime/7.24.0"
::1 - - [10/Apr/2020:10:06:48 +0000] "DELETE /api/v1/categories/5e90434cd433fa11b078ed8 HTTP/1.1" 400 262 "-" "PostmanRuntime/7.24.0"
::1 - - [10/Apr/2020:10:13:11 +0000] "PUT /api/v1/categories/1 HTTP/1.1" 400 196 "-" "PostmanRuntime/7.24.0"
::1 - - [10/Apr/2020:10:13:42 +0000] "PUT /api/v1/categories/5e90434cd433fa11b078ed8a HTTP/1.1" 200 261 "-" "PostmanRuntime/7.24.0"
::1 - - [10/Apr/2020:10:14:11 +0000] "GET /api/v1/categories HTTP/1.1" 200 263 "-" "PostmanRuntime/7.24.0"
::1 - - [10/Apr/2020:10:14:42 +0000] "PUT /api/v1/categories/5e90434cd433fa11b078ed8a HTTP/1.1" 200 268 "-" "PostmanRuntime/7.24.0"
::1 - - [10/Apr/2020:10:15:02 +0000] "PUT /api/v1/categories/5e90434cd433fa11b078ed8a HTTP/1.1" 400 1115 "-" "PostmanRuntime/7.24.0"
::1 - - [10/Apr/2020:10:15:16 +0000] "PUT /api/v1/categories/5e90434cd433fa11b078ed8a HTTP/1.1" 200 268 "-" "PostmanRuntime/7.24.0"
::1 - - [10/Apr/2020:10:15:31 +0000] "PUT /api/v1/categories/5e90434cd433fa11b078ed8a HTTP/1.1" 200 269 "-" "PostmanRuntime/7.24.0"
::1 - - [10/Apr/2020:10:15:43 +0000] "PUT /api/v1/categories/5e90434cd433fa11b078ed8a HTTP/1.1" 200 268 "-" "PostmanRuntime/7.24.0"
::1 - - [10/Apr/2020:10:15:48 +0000] "PUT /api/v1/categories/5e90434cd433fa11b078ed85 HTTP/1.1" 400 95 "-" "PostmanRuntime/7.24.0"
::1 - - [10/Apr/2020:10:15:53 +0000] "PUT /api/v1/categories/5e90434cd433fa11b078ed8a HTTP/1.1" 200 268 "-" "PostmanRuntime/7.24.0"
::1 - - [10/Apr/2020:10:16:37 +0000] "POST /api/v1/categories HTTP/1.1" 200 258 "-" "PostmanRuntime/7.24.0"
::1 - - [10/Apr/2020:10:16:42 +0000] "GET /api/v1/categories HTTP/1.1" 200 505 "-" "PostmanRuntime/7.24.0"
::1 - - [10/Apr/2020:10:18:37 +0000] "POST /api/v1/categories HTTP/1.1" 200 235 "-" "PostmanRuntime/7.24.0"
::1 - - [11/Apr/2020:10:10:39 +0000] "GET /api/v1/categories/5e90434cd433fa11b078ed8a HTTP/1.1" 200 268 "-" "PostmanRuntime/7.24.1"
::1 - - [11/Apr/2020:10:10:46 +0000] "GET /api/v1/categories/5e90434cd433fa11b078ed8213 HTTP/1.1" 500 692 "-" "PostmanRuntime/7.24.1"
::1 - - [11/Apr/2020:10:18:08 +0000] "GET /api/v1/categories/5e90434cd433fa11b078ed8a HTTP/1.1" 200 268 "-" "PostmanRuntime/7.24.1"
::1 - - [11/Apr/2020:10:18:14 +0000] "GET /api/v1/categories/5e90434cd433fa11b078ed8add HTTP/1.1" 500 131 "-" "PostmanRuntime/7.24.1"
::1 - - [11/Apr/2020:10:18:40 +0000] "GET /api/v1/categories/5e90434cd433fa11b078ed8add HTTP/1.1" 500 131 "-" "PostmanRuntime/7.24.1"
::1 - - [11/Apr/2020:10:18:53 +0000] "GET /api/v1/categories/5e90434cd433fa11b078ed8add HTTP/1.1" 500 131 "-" "PostmanRuntime/7.24.1"
::1 - - [11/Apr/2020:10:21:03 +0000] "DELETE /api/v1/categories/5e90434cd433fa11b078ed5 HTTP/1.1" 500 128 "-" "PostmanRuntime/7.24.1"
::1 - - [11/Apr/2020:11:02:02 +0000] "DELETE /api/v1/categories/5e90434cd433fa11b078ed5 HTTP/1.1" 500 128 "-" "PostmanRuntime/7.24.1"
::1 - - [11/Apr/2020:11:03:10 +0000] "GET /api/v1/categories HTTP/1.1" 200 717 "-" "PostmanRuntime/7.24.1"
::1 - - [11/Apr/2020:11:03:23 +0000] "GET /api/v1/categories/5e90434cd433fa11b078ed8a HTTP/1.1" 200 268 "-" "PostmanRuntime/7.24.1"
::1 - - [11/Apr/2020:11:03:36 +0000] "GET /api/v1/categories/5e90434cd433fa11b078ed8b HTTP/1.1" 400 95 "-" "PostmanRuntime/7.24.1"
::1 - - [11/Apr/2020:11:03:49 +0000] "GET /api/v1/categories/5e90434cd433fa11b078ed8b HTTP/1.1" 400 103 "-" "PostmanRuntime/7.24.1"
::1 - - [11/Apr/2020:11:04:34 +0000] "GET /api/v1/categories/5e90434cd433fa11b078ed8b HTTP/1.1" 401 103 "-" "PostmanRuntime/7.24.1"
::1 - - [11/Apr/2020:11:07:11 +0000] "GET /api/v1/categories/5e90434cd433fa11b078ed8b HTTP/1.1" 400 114 "-" "PostmanRuntime/7.24.1"
::1 - - [11/Apr/2020:11:38:09 +0000] "GET /api/v1/categories/5e90434cd433fa11b078ed8b HTTP/1.1" 400 114 "-" "PostmanRuntime/7.24.1"
::1 - - [11/Apr/2020:11:45:10 +0000] "GET /api/v1/categories/5e90434cd433fa11b078ed8a HTTP/1.1" 200 268 "-" "PostmanRuntime/7.24.1"
::1 - - [11/Apr/2020:11:45:17 +0000] "GET /api/v1/categories/5e90434cd433fa11b078ed8b HTTP/1.1" 403 106 "-" "PostmanRuntime/7.24.1"
::1 - - [11/Apr/2020:11:48:24 +0000] "GET /api/v1/categories/5e90434cd433fa11b078ed8b HTTP/1.1" 403 106 "-" "PostmanRuntime/7.24.1"
::1 - - [11/Apr/2020:11:48:44 +0000] "GET /api/v1/categories/5e90434cd433fa11b078ed8b HTTP/1.1" 400 106 "-" "PostmanRuntime/7.24.1"
::1 - - [11/Apr/2020:11:53:09 +0000] "GET /api/v1/categories/5e90434cd433fa11b078ed8basdf HTTP/1.1" 500 144 "-" "PostmanRuntime/7.24.1"
::1 - - [11/Apr/2020:11:54:13 +0000] "GET /api/v1/categories/5e90434cd433fa11b078ed8basdf HTTP/1.1" 500 144 "-" "PostmanRuntime/7.24.1"
::1 - - [11/Apr/2020:11:54:47 +0000] "GET /api/v1/categories/5e90434cd433fa11b078ed8basdf HTTP/1.1" 500 144 "-" "PostmanRuntime/7.24.1"
::1 - - [11/Apr/2020:11:59:44 +0000] "POST /api/v1/categories HTTP/1.1" 500 220 "-" "PostmanRuntime/7.24.1"
::1 - - [11/Apr/2020:12:02:25 +0000] "GET /api/v1/categories/5e90434cd433fa11b078ed8basdf HTTP/1.1" 500 144 "-" "PostmanRuntime/7.24.1"
::1 - - [11/Apr/2020:12:02:33 +0000] "GET /api/v1/categories/5e90434cd433fa11b078ed8 HTTP/1.1" 500 139 "-" "PostmanRuntime/7.24.1"
::1 - - [11/Apr/2020:12:02:42 +0000] "GET /api/v1/categories/5e90434cd433fa11b078ed8a HTTP/1.1" 200 268 "-" "PostmanRuntime/7.24.1"
::1 - - [11/Apr/2020:12:02:46 +0000] "GET /api/v1/categories/5e90434cd433fa11b078ed8b HTTP/1.1" 400 106 "-" "PostmanRuntime/7.24.1"
::1 - - [11/Apr/2020:12:04:25 +0000] "GET /api/v1/categories/5e90434cd433fa11b078ed8a HTTP/1.1" 200 268 "-" "PostmanRuntime/7.24.1"
::1 - - [11/Apr/2020:12:04:33 +0000] "GET /api/v1/categories/5e90434cd433fa11b078ed8add HTTP/1.1" 500 142 "-" "PostmanRuntime/7.24.1"
::1 - - [11/Apr/2020:12:06:31 +0000] "GET /api/v1/categories/5e90434cd433fa11b078ed8add HTTP/1.1" 400 91 "-" "PostmanRuntime/7.24.1"
::1 - - [11/Apr/2020:12:07:09 +0000] "POST /api/v1/categories HTTP/1.1" 500 209 "-" "PostmanRuntime/7.24.1"
::1 - - [11/Apr/2020:12:10:45 +0000] "POST /api/v1/categories HTTP/1.1" 500 858 "-" "PostmanRuntime/7.24.1"
::1 - - [11/Apr/2020:12:11:13 +0000] "GET /api/v1/categories/5e90434cd433fa11b078ed8add HTTP/1.1" 400 237 "-" "PostmanRuntime/7.24.1"
::1 - - [11/Apr/2020:12:11:39 +0000] "GET /api/v1/categories/5e90434cd433fa11b078ed8add HTTP/1.1" 400 237 "-" "PostmanRuntime/7.24.1"
::1 - - [11/Apr/2020:12:11:46 +0000] "POST /api/v1/categories HTTP/1.1" 500 858 "-" "PostmanRuntime/7.24.1"
::1 - - [11/Apr/2020:12:13:04 +0000] "POST /api/v1/categories HTTP/1.1" 500 209 "-" "PostmanRuntime/7.24.1"
::1 - - [11/Apr/2020:12:14:56 +0000] "POST /api/v1/categories HTTP/1.1" 500 858 "-" "PostmanRuntime/7.24.1"
::1 - - [11/Apr/2020:12:15:56 +0000] "GET /api/v1/categories/5e90434cd433fa11b078ed8add HTTP/1.1" 400 237 "-" "PostmanRuntime/7.24.1"
::1 - - [11/Apr/2020:12:20:28 +0000] "POST /api/v1/categories HTTP/1.1" 500 553 "-" "PostmanRuntime/7.24.1"
::1 - - [11/Apr/2020:12:21:10 +0000] "POST /api/v1/categories HTTP/1.1" 500 279 "-" "PostmanRuntime/7.24.1"
::1 - - [11/Apr/2020:12:23:14 +0000] "POST /api/v1/categories HTTP/1.1" 400 296 "-" "PostmanRuntime/7.24.1"
::1 - - [11/Apr/2020:12:24:00 +0000] "POST /api/v1/categories HTTP/1.1" 400 296 "-" "PostmanRuntime/7.24.1"
::1 - - [11/Apr/2020:12:25:34 +0000] "POST /api/v1/categories HTTP/1.1" 500 391 "-" "PostmanRuntime/7.24.1"
::1 - - [11/Apr/2020:12:31:40 +0000] "POST /api/v1/categories HTTP/1.1" 500 391 "-" "PostmanRuntime/7.24.1"
::1 - - [11/Apr/2020:12:31:43 +0000] "GET /api/v1/categories HTTP/1.1" 200 717 "-" "PostmanRuntime/7.24.1"
::1 - - [11/Apr/2020:12:31:45 +0000] "GET /api/v1/categories/5e90434cd433fa11b078ed8add HTTP/1.1" 500 237 "-" "PostmanRuntime/7.24.1"
::1 - - [11/Apr/2020:12:31:48 +0000] "POST /api/v1/categories HTTP/1.1" 500 391 "-" "PostmanRuntime/7.24.1"
::1 - - [11/Apr/2020:12:31:52 +0000] "PUT /api/v1/categories/5e90434cd433fa11b078ed8a HTTP/1.1" 200 268 "-" "PostmanRuntime/7.24.1"
::1 - - [11/Apr/2020:12:31:56 +0000] "DELETE /api/v1/categories/23 HTTP/1.1" 500 189 "-" "PostmanRuntime/7.24.1"
::1 - - [12/Apr/2020:10:39:05 +0000] "GET /api/v1/categories HTTP/1.1" 200 717 "-" "PostmanRuntime/7.24.1"
::1 - - [12/Apr/2020:10:46:34 +0000] "GET /api/v1/categories HTTP/1.1" 200 717 "-" "PostmanRuntime/7.24.1"
::1 - - [12/Apr/2020:11:17:37 +0000] "GET /api/v1/categories HTTP/1.1" 200 26 "-" "PostmanRuntime/7.24.1"
::1 - - [12/Apr/2020:11:17:56 +0000] "GET /api/v1/categories HTTP/1.1" 200 717 "-" "PostmanRuntime/7.24.1"
::1 - - [12/Apr/2020:11:18:09 +0000] "DELETE /api/v1/categories/5e90478549941f52dcb01b34 HTTP/1.1" 200 258 "-" "PostmanRuntime/7.24.1"
::1 - - [12/Apr/2020:11:18:15 +0000] "GET /api/v1/categories HTTP/1.1" 200 482 "-" "PostmanRuntime/7.24.1"
::1 - - [12/Apr/2020:11:18:55 +0000] "GET /api/v1/categories HTTP/1.1" 200 717 "-" "PostmanRuntime/7.24.1"
::1 - - [14/Apr/2020:11:47:32 +0000] "GET /api/v1/categories/5e90434cd433fa11b078ed8a HTTP/1.1" 200 268 "-" "PostmanRuntime/7.24.1"
::1 - - [14/Apr/2020:11:48:19 +0000] "PUT /api/v1/categories/5e90434cd433fa11b078ed8a HTTP/1.1" 200 268 "-" "PostmanRuntime/7.24.1"
::1 - - [14/Apr/2020:11:48:35 +0000] "PUT /api/v1/categories/5e90434cd433fa11b078ed8a HTTP/1.1" 200 271 "-" "PostmanRuntime/7.24.1"
::1 - - [14/Apr/2020:11:48:47 +0000] "PUT /api/v1/categories/5e90434cd433fa11b078ed8a HTTP/1.1" 200 268 "-" "PostmanRuntime/7.24.1"
::1 - - [14/Apr/2020:12:06:03 +0000] "GET /api/v1/categories HTTP/1.1" 200 26 "-" "PostmanRuntime/7.24.1"
::1 - - [14/Apr/2020:12:06:15 +0000] "POST /api/v1/categories HTTP/1.1" 200 272 "-" "PostmanRuntime/7.24.1"
::1 - - [14/Apr/2020:12:08:25 +0000] "POST /api/v1/categories HTTP/1.1" 200 272 "-" "PostmanRuntime/7.24.1"
::1 - - [14/Apr/2020:12:08:57 +0000] "POST /api/v1/categories HTTP/1.1" 500 391 "-" "PostmanRuntime/7.24.1"
::1 - - [14/Apr/2020:12:09:00 +0000] "POST /api/v1/categories HTTP/1.1" 200 273 "-" "PostmanRuntime/7.24.1"
::1 - - [14/Apr/2020:12:09:38 +0000] "POST /api/v1/categories HTTP/1.1" 200 274 "-" "PostmanRuntime/7.24.1"
::1 - - [14/Apr/2020:12:10:00 +0000] "POST /api/v1/categories HTTP/1.1" 200 275 "-" "PostmanRuntime/7.24.1"
::1 - - [14/Apr/2020:12:10:52 +0000] "POST /api/v1/categories HTTP/1.1" 200 301 "-" "PostmanRuntime/7.24.1"
::1 - - [14/Apr/2020:12:11:02 +0000] "POST /api/v1/categories HTTP/1.1" 200 319 "-" "PostmanRuntime/7.24.1"
::1 - - [14/Apr/2020:12:30:12 +0000] "POST /api/v1/categories HTTP/1.1" 200 266 "-" "PostmanRuntime/7.24.1"
::ffff:127.0.0.1 - - [14/Apr/2020:12:35:26 +0000] "POST /api/v1/categories HTTP/1.1" 200 264 "-" "PostmanRuntime/7.24.1"
::1 - - [14/Apr/2020:12:36:40 +0000] "POST /api/v1/categories HTTP/1.1" 200 293 "-" "PostmanRuntime/7.24.1"
::1 - - [14/Apr/2020:12:36:53 +0000] "POST /api/v1/categories HTTP/1.1" 200 314 "-" "PostmanRuntime/7.24.1"
::1 - - [14/Apr/2020:12:37:44 +0000] "GET /api/v1/categories HTTP/1.1" 200 586 "-" "PostmanRuntime/7.24.1"
::1 - - [15/Apr/2020:08:10:02 +0000] "GET /api/v1/categories?name=uu&qty=32 HTTP/1.1" 200 586 "-" "PostmanRuntime/7.24.1"
::1 - - [15/Apr/2020:08:11:04 +0000] "GET /api/v1/categories?name=uu&qty=32 HTTP/1.1" 200 586 "-" "PostmanRuntime/7.24.1"
::1 - - [15/Apr/2020:08:12:21 +0000] "GET /api/v1/categories?name=uu&qty=32 HTTP/1.1" 200 26 "-" "PostmanRuntime/7.24.1"
::1 - - [15/Apr/2020:08:12:33 +0000] "GET /api/v1/categories?name=%D0%A3%D1%80%D0%B0%D0%BD%20%D0%B7%D0%BE%D1%85%D0%B8%D0%BE%D0%BB HTTP/1.1" 200 295 "-" "PostmanRuntime/7.24.1"
::1 - - [15/Apr/2020:08:12:44 +0000] "GET /api/v1/categories HTTP/1.1" 200 586 "-" "PostmanRuntime/7.24.1"
::1 - - [15/Apr/2020:08:17:52 +0000] "GET /api/v1/categories?avgPrice[lte]=1000 HTTP/1.1" 200 26 "-" "PostmanRuntime/7.24.1"
::1 - - [15/Apr/2020:08:21:12 +0000] "POST /api/v1/categories HTTP/1.1" 200 332 "-" "PostmanRuntime/7.24.1"
::1 - - [15/Apr/2020:08:21:41 +0000] "GET /api/v1/categories?averagePrice[lte]=1000 HTTP/1.1" 500 314 "-" "PostmanRuntime/7.24.1"
::1 - - [15/Apr/2020:08:22:29 +0000] "GET /api/v1/categories?averagePrice[$lte]=1000 HTTP/1.1" 200 26 "-" "PostmanRuntime/7.24.1"
::1 - - [15/Apr/2020:08:23:52 +0000] "GET /api/v1/categories?averagePrice[$lte]=1000 HTTP/1.1" 200 26 "-" "PostmanRuntime/7.24.1"
::1 - - [15/Apr/2020:08:24:18 +0000] "GET /api/v1/categories?averagePrice[$gte]=1000 HTTP/1.1" 200 334 "-" "PostmanRuntime/7.24.1"
::1 - - [15/Apr/2020:08:24:46 +0000] "POST /api/v1/categories HTTP/1.1" 200 318 "-" "PostmanRuntime/7.24.1"
::1 - - [15/Apr/2020:08:25:04 +0000] "GET /api/v1/categories HTTP/1.1" 200 629 "-" "PostmanRuntime/7.24.1"
::1 - - [15/Apr/2020:08:25:25 +0000] "GET /api/v1/categories?averagePrice[$gte]=50000 HTTP/1.1" 200 320 "-" "PostmanRuntime/7.24.1"
::1 - - [15/Apr/2020:08:25:31 +0000] "GET /api/v1/categories?averagePrice[$lte]=50000 HTTP/1.1" 200 334 "-" "PostmanRuntime/7.24.1"
::1 - - [15/Apr/2020:08:26:44 +0000] "GET /api/v1/categories?averagePrice[$lte]=50000 HTTP/1.1" 500 28 "-" "PostmanRuntime/7.24.1"
::1 - - [15/Apr/2020:08:27:09 +0000] "GET /api/v1/categories?averagePrice[$lte]=50000 HTTP/1.1" 200 334 "-" "PostmanRuntime/7.24.1"
::1 - - [15/Apr/2020:08:27:30 +0000] "GET /api/v1/categories?averagePrice[$lte]=50000 HTTP/1.1" 200 334 "-" "PostmanRuntime/7.24.1"
::1 - - [15/Apr/2020:08:28:04 +0000] "GET /api/v1/categories?averagePrice[$lte]=50000 HTTP/1.1" 500 28 "-" "PostmanRuntime/7.24.1"
::1 - - [15/Apr/2020:08:30:34 +0000] "GET /api/v1/categories?averagePrice[$lte]=50000 HTTP/1.1" 200 334 "-" "PostmanRuntime/7.24.1"
::1 - - [15/Apr/2020:08:30:46 +0000] "GET /api/v1/categories?averagePrice[$lte]=43514 HTTP/1.1" 200 334 "-" "PostmanRuntime/7.24.1"
::1 - - [15/Apr/2020:08:30:50 +0000] "GET /api/v1/categories?averagePrice[$lt]=43514 HTTP/1.1" 200 26 "-" "PostmanRuntime/7.24.1"
::1 - - [15/Apr/2020:08:30:55 +0000] "GET /api/v1/categories?averagePrice[$lte]=43514 HTTP/1.1" 200 334 "-" "PostmanRuntime/7.24.1"
::1 - - [15/Apr/2020:08:36:11 +0000] "GET /api/v1/categories?name=%D0%A3%D1%80%D0%B0%D0%BD%20%D0%B7%D0%BE%D1%85%D0%B8%D0%BE%D0%BB HTTP/1.1" 200 334 "-" "PostmanRuntime/7.24.1"
::1 - - [15/Apr/2020:08:50:12 +0000] "POST /api/v1/categories HTTP/1.1" 200 332 "-" "PostmanRuntime/7.24.1"
::1 - - [15/Apr/2020:08:55:00 +0000] "GET /api/v1/categories HTTP/1.1" 200 893 "-" "PostmanRuntime/7.24.1"
::1 - - [15/Apr/2020:08:55:55 +0000] "POST /api/v1/categories HTTP/1.1" 200 352 "-" "PostmanRuntime/7.24.1"
::1 - - [15/Apr/2020:08:56:00 +0000] "GET /api/v1/categories HTTP/1.1" 200 1222 "-" "PostmanRuntime/7.24.1"
::1 - - [15/Apr/2020:08:57:46 +0000] "GET /api/v1/categories?name=%D0%91%D0%B8%D0%B7%D0%BD%D0%B5%D1%81&averagePrice=10000 HTTP/1.1" 200 1222 "-" "PostmanRuntime/7.24.1"
::1 - - [15/Apr/2020:08:59:03 +0000] "GET /api/v1/categories?name=%D0%91%D0%B8%D0%B7%D0%BD%D0%B5%D1%81&averagePrice=10000 HTTP/1.1" 200 1222 "-" "PostmanRuntime/7.24.1"
::1 - - [15/Apr/2020:08:59:46 +0000] "GET /api/v1/categories?name=%D0%91%D0%B8%D0%B7%D0%BD%D0%B5%D1%81 HTTP/1.1" 200 292 "-" "PostmanRuntime/7.24.1"
::1 - - [15/Apr/2020:08:59:56 +0000] "GET /api/v1/categories?name=%D0%A3%D1%80%D0%B0%D0%BD%20%D0%B7%D0%BE%D1%85%D0%B8%D0%BE%D0%BB HTTP/1.1" 200 330 "-" "PostmanRuntime/7.24.1"
::1 - - [15/Apr/2020:09:01:30 +0000] "GET /api/v1/categories?averagePrice[$gte]=40000 HTTP/1.1" 200 588 "-" "PostmanRuntime/7.24.1"
::1 - - [15/Apr/2020:09:02:34 +0000] "GET /api/v1/categories?averagePrice[$lt]=40000 HTTP/1.1" 200 659 "-" "PostmanRuntime/7.24.1"
::1 - - [15/Apr/2020:09:04:23 +0000] "GET /api/v1/categories?averagePrice[$lt]=40000&averageRating[$gte]=7 HTTP/1.1" 200 354 "-" "PostmanRuntime/7.24.1"
::1 - - [15/Apr/2020:09:04:46 +0000] "GET /api/v1/categories?averagePrice[$lt]=40000 HTTP/1.1" 200 659 "-" "PostmanRuntime/7.24.1"
::1 - - [15/Apr/2020:09:52:35 +0000] "GET /api/v1/categories?averagePrice[$lt]=40000&select=name,slug HTTP/1.1" 200 26 "-" "PostmanRuntime/7.24.1"
::1 - - [15/Apr/2020:09:53:32 +0000] "GET /api/v1/categories?averagePrice[$lt]=40000&select=name,slug HTTP/1.1" 200 1222 "-" "PostmanRuntime/7.24.1"
::1 - - [15/Apr/2020:09:53:48 +0000] "GET /api/v1/categories?averagePrice[$lt]=40000&select=name,slug HTTP/1.1" 200 1222 "-" "PostmanRuntime/7.24.1"
::1 - - [15/Apr/2020:09:55:28 +0000] "GET /api/v1/categories?averagePrice[$lt]=40000&select=name,slug HTTP/1.1" 200 659 "-" "PostmanRuntime/7.24.1"
::1 - - [15/Apr/2020:09:55:40 +0000] "GET /api/v1/categories?averagePrice[$lt]=40000&select=name,slug HTTP/1.1" 200 659 "-" "PostmanRuntime/7.24.1"
::1 - - [15/Apr/2020:09:57:03 +0000] "GET /api/v1/categories?averagePrice[$lt]=40000&select=name,slug HTTP/1.1" 500 128 "-" "PostmanRuntime/7.24.1"
::1 - - [15/Apr/2020:09:57:29 +0000] "GET /api/v1/categories?averagePrice[$lt]=40000&select=name,slug HTTP/1.1" 200 659 "-" "PostmanRuntime/7.24.1"
::1 - - [15/Apr/2020:10:05:02 +0000] "GET /api/v1/categories?averagePrice[$lt]=40000&select=name,slug HTTP/1.1" 200 161 "-" "PostmanRuntime/7.24.1"
::1 - - [15/Apr/2020:10:05:51 +0000] "GET /api/v1/categories?averagePrice[$lt]=40000&select=name:1,slug:1 HTTP/1.1" 200 161 "-" "PostmanRuntime/7.24.1"
::1 - - [15/Apr/2020:10:06:22 +0000] "GET /api/v1/categories?averagePrice[$lt]=40000&select=name:1,slug:1 HTTP/1.1" 500 28 "-" "PostmanRuntime/7.24.1"
::1 - - [15/Apr/2020:10:06:52 +0000] "GET /api/v1/categories?averagePrice[$lt]=40000&select=name,slug HTTP/1.1" 500 28 "-" "PostmanRuntime/7.24.1"
::1 - - [15/Apr/2020:10:07:54 +0000] "GET /api/v1/categories?averagePrice[$lt]=40000&select=name%20slug HTTP/1.1" 200 207 "-" "PostmanRuntime/7.24.1"
::1 - - [15/Apr/2020:10:08:02 +0000] "GET /api/v1/categories?averagePrice[$lt]=40000&select=name%20slug%20description HTTP/1.1" 200 444 "-" "PostmanRuntime/7.24.1"
::1 - - [15/Apr/2020:10:22:34 +0000] "GET /api/v1/categories?averagePrice[$lt]=40000&select=name%20slug%20description HTTP/1.1" 200 444 "-" "Mozilla/5.0 (Windows NT 10.0; Win64; x64) AppleWebKit/537.36 (KHTML, like Gecko) Chrome/80.0.3987.163 Safari/537.36"
::1 - - [15/Apr/2020:10:22:34 +0000] "GET /favicon.ico HTTP/1.1" 404 150 "http://localhost:8000/api/v1/categories?averagePrice[$lt]=40000&select=name%20slug%20description" "Mozilla/5.0 (Windows NT 10.0; Win64; x64) AppleWebKit/537.36 (KHTML, like Gecko) Chrome/80.0.3987.163 Safari/537.36"
::1 - - [15/Apr/2020:10:22:40 +0000] "GET /api/v1/categories?averagePrice[$lt]=40000&select=name%20slug HTTP/1.1" 200 207 "-" "Mozilla/5.0 (Windows NT 10.0; Win64; x64) AppleWebKit/537.36 (KHTML, like Gecko) Chrome/80.0.3987.163 Safari/537.36"
::1 - - [15/Apr/2020:10:23:02 +0000] "GET /api/v1/categories?averagePrice[$lt]=40000&select=name%20slug%20description HTTP/1.1" 304 - "-" "Mozilla/5.0 (Windows NT 10.0; Win64; x64) AppleWebKit/537.36 (KHTML, like Gecko) Chrome/80.0.3987.163 Safari/537.36"
::1 - - [15/Apr/2020:10:25:53 +0000] "GET /api/v1/categories?averagePrice[$lt]=40000 HTTP/1.1" 200 659 "-" "Mozilla/5.0 (Windows NT 10.0; Win64; x64) AppleWebKit/537.36 (KHTML, like Gecko) Chrome/80.0.3987.163 Safari/537.36"
::1 - - [15/Apr/2020:10:26:27 +0000] "GET /api/v1/categories HTTP/1.1" 200 1222 "-" "PostmanRuntime/7.24.1"
::1 - - [15/Apr/2020:10:26:35 +0000] "GET /api/v1/categories?select=name HTTP/1.1" 200 285 "-" "PostmanRuntime/7.24.1"
::1 - - [15/Apr/2020:10:27:56 +0000] "GET /api/v1/categories?averagePrice[$lt]=40000&select=name%20slug&sort=-averagePrice HTTP/1.1" 200 26 "-" "Mozilla/5.0 (Windows NT 10.0; Win64; x64) AppleWebKit/537.36 (KHTML, like Gecko) Chrome/80.0.3987.163 Safari/537.36"
::1 - - [15/Apr/2020:10:28:05 +0000] "GET /api/v1/categories?averagePrice[$lt]=40000&select=name%20slug&sort=-averagePrice HTTP/1.1" 304 - "-" "Mozilla/5.0 (Windows NT 10.0; Win64; x64) AppleWebKit/537.36 (KHTML, like Gecko) Chrome/80.0.3987.163 Safari/537.36"
::1 - - [15/Apr/2020:10:28:10 +0000] "GET /api/v1/categories?averagePrice[$lt]=40000&select=name%20slug&sort=averagePrice HTTP/1.1" 200 26 "-" "Mozilla/5.0 (Windows NT 10.0; Win64; x64) AppleWebKit/537.36 (KHTML, like Gecko) Chrome/80.0.3987.163 Safari/537.36"
::1 - - [15/Apr/2020:10:28:26 +0000] "GET /api/v1/categories?averagePrice[$lt]=40000&select=name%20slug&sort=averagePrice HTTP/1.1" 200 207 "-" "Mozilla/5.0 (Windows NT 10.0; Win64; x64) AppleWebKit/537.36 (KHTML, like Gecko) Chrome/80.0.3987.163 Safari/537.36"
::1 - - [15/Apr/2020:10:28:38 +0000] "GET /api/v1/categories?averagePrice[$lt]=40000&select=name%20slug%20averagePrice&sort=averagePrice HTTP/1.1" 200 249 "-" "Mozilla/5.0 (Windows NT 10.0; Win64; x64) AppleWebKit/537.36 (KHTML, like Gecko) Chrome/80.0.3987.163 Safari/537.36"
::1 - - [15/Apr/2020:10:28:44 +0000] "GET /api/v1/categories?averagePrice[$lt]=40000&select=name%20slug%20averagePrice&sort=-averagePrice HTTP/1.1" 200 249 "-" "Mozilla/5.0 (Windows NT 10.0; Win64; x64) AppleWebKit/537.36 (KHTML, like Gecko) Chrome/80.0.3987.163 Safari/537.36"
::1 - - [15/Apr/2020:10:28:57 +0000] "GET /api/v1/categories?averagePrice[$lt]=40000&select=name%20slug%20averagePrice HTTP/1.1" 200 249 "-" "Mozilla/5.0 (Windows NT 10.0; Win64; x64) AppleWebKit/537.36 (KHTML, like Gecko) Chrome/80.0.3987.163 Safari/537.36"
::1 - - [15/Apr/2020:10:29:27 +0000] "GET /api/v1/categories?select=name%20slug%20averagePrice HTTP/1.1" 200 453 "-" "Mozilla/5.0 (Windows NT 10.0; Win64; x64) AppleWebKit/537.36 (KHTML, like Gecko) Chrome/80.0.3987.163 Safari/537.36"
::1 - - [15/Apr/2020:10:29:38 +0000] "GET /api/v1/categories?select=name%20slug%20averagePrice&sort=-averagePrice HTTP/1.1" 200 453 "-" "Mozilla/5.0 (Windows NT 10.0; Win64; x64) AppleWebKit/537.36 (KHTML, like Gecko) Chrome/80.0.3987.163 Safari/537.36"
::1 - - [15/Apr/2020:10:29:54 +0000] "GET /api/v1/categories?select=name%20slug%20averagePrice&sort=-averagePrice,slug HTTP/1.1" 200 453 "-" "Mozilla/5.0 (Windows NT 10.0; Win64; x64) AppleWebKit/537.36 (KHTML, like Gecko) Chrome/80.0.3987.163 Safari/537.36"
::1 - - [15/Apr/2020:10:29:59 +0000] "GET /api/v1/categories?select=name%20slug%20averagePrice&sort=-averagePrice,-slug HTTP/1.1" 200 453 "-" "Mozilla/5.0 (Windows NT 10.0; Win64; x64) AppleWebKit/537.36 (KHTML, like Gecko) Chrome/80.0.3987.163 Safari/537.36"
::1 - - [15/Apr/2020:10:30:05 +0000] "GET /api/v1/categories?select=name%20slug%20averagePrice&sort=-slug HTTP/1.1" 200 453 "-" "Mozilla/5.0 (Windows NT 10.0; Win64; x64) AppleWebKit/537.36 (KHTML, like Gecko) Chrome/80.0.3987.163 Safari/537.36"
::1 - - [15/Apr/2020:10:30:12 +0000] "GET /api/v1/categories?select=name%20slug%20averagePrice&sort=slug HTTP/1.1" 200 453 "-" "Mozilla/5.0 (Windows NT 10.0; Win64; x64) AppleWebKit/537.36 (KHTML, like Gecko) Chrome/80.0.3987.163 Safari/537.36"
::1 - - [15/Apr/2020:10:30:20 +0000] "GET /api/v1/categories?select=name%20slug%20averagePrice&sort=slug&-averagePrice HTTP/1.1" 200 26 "-" "Mozilla/5.0 (Windows NT 10.0; Win64; x64) AppleWebKit/537.36 (KHTML, like Gecko) Chrome/80.0.3987.163 Safari/537.36"
::1 - - [15/Apr/2020:10:30:25 +0000] "GET /api/v1/categories?select=name%20slug%20averagePrice&sort=slug,-averagePrice HTTP/1.1" 200 453 "-" "Mozilla/5.0 (Windows NT 10.0; Win64; x64) AppleWebKit/537.36 (KHTML, like Gecko) Chrome/80.0.3987.163 Safari/537.36"
::1 - - [15/Apr/2020:10:30:47 +0000] "GET /api/v1/categories?select=name%20slug%20averagePrice%20averageRating&sort=slug,-averagePrice HTTP/1.1" 200 525 "-" "Mozilla/5.0 (Windows NT 10.0; Win64; x64) AppleWebKit/537.36 (KHTML, like Gecko) Chrome/80.0.3987.163 Safari/537.36"
::1 - - [15/Apr/2020:10:30:58 +0000] "GET /api/v1/categories?select=name HTTP/1.1" 200 285 "-" "PostmanRuntime/7.24.1"
::1 - - [15/Apr/2020:10:31:06 +0000] "GET /api/v1/categories?select=name,averageRating HTTP/1.1" 200 165 "-" "PostmanRuntime/7.24.1"
::1 - - [15/Apr/2020:10:31:25 +0000] "GET /api/v1/categories?select=name%20averageRating HTTP/1.1" 200 357 "-" "PostmanRuntime/7.24.1"
::1 - - [15/Apr/2020:10:32:46 +0000] "GET /api/v1/categories HTTP/1.1" 200 1222 "-" "PostmanRuntime/7.24.1"
::1 - - [15/Apr/2020:10:33:38 +0000] "PUT /api/v1/categories/5e9047fd49941f52dcb01b35 HTTP/1.1" 200 290 "-" "PostmanRuntime/7.24.1"
::1 - - [15/Apr/2020:10:33:43 +0000] "GET /api/v1/categories HTTP/1.1" 200 1222 "-" "PostmanRuntime/7.24.1"
::1 - - [15/Apr/2020:10:34:06 +0000] "GET /api/v1/categories?select=name%20averagePrice%20averageRating HTTP/1.1" 200 441 "-" "PostmanRuntime/7.24.1"
::1 - - [15/Apr/2020:10:34:22 +0000] "GET /api/v1/categories?select=name%20averagePrice%20averageRating&sort=averageRating HTTP/1.1" 200 441 "-" "PostmanRuntime/7.24.1"
::1 - - [15/Apr/2020:10:34:37 +0000] "GET /api/v1/categories?select=name%20averagePrice%20averageRating&sort=averageRating%20averagePrice HTTP/1.1" 200 441 "-" "PostmanRuntime/7.24.1"
::1 - - [15/Apr/2020:10:34:43 +0000] "GET /api/v1/categories?select=name%20averagePrice%20averageRating&sort=averageRating%20-averagePrice HTTP/1.1" 200 441 "-" "PostmanRuntime/7.24.1"
::1 - - [15/Apr/2020:10:34:52 +0000] "GET /api/v1/categories?select=name%20averagePrice%20averageRating&sort=averageRating,-averagePrice HTTP/1.1" 200 441 "-" "PostmanRuntime/7.24.1"
::1 - - [15/Apr/2020:10:35:00 +0000] "GET /api/v1/categories?select=name%20averagePrice%20averageRating&sort=averageRating%20-averagePrice HTTP/1.1" 200 441 "-" "PostmanRuntime/7.24.1"
::1 - - [15/Apr/2020:10:35:09 +0000] "GET /api/v1/categories HTTP/1.1" 200 1222 "-" "PostmanRuntime/7.24.1"
::1 - - [15/Apr/2020:10:35:33 +0000] "PUT /api/v1/categories/5e9047fd49941f52dcb01b35 HTTP/1.1" 200 290 "-" "PostmanRuntime/7.24.1"
::1 - - [15/Apr/2020:10:35:42 +0000] "GET /api/v1/categories HTTP/1.1" 200 1222 "-" "PostmanRuntime/7.24.1"
::1 - - [15/Apr/2020:10:49:46 +0000] "GET /api/v1/categories HTTP/1.1" 200 1222 "-" "PostmanRuntime/7.24.1"
::1 - - [15/Apr/2020:10:51:00 +0000] "GET /api/v1/categories?select=name%20slug HTTP/1.1" 200 26 "-" "PostmanRuntime/7.24.1"
::1 - - [15/Apr/2020:10:53:41 +0000] "GET /api/v1/categories?select=name%20slug HTTP/1.1" 200 369 "-" "PostmanRuntime/7.24.1"
::1 - - [15/Apr/2020:10:54:49 +0000] "GET /api/v1/categories?select=name%20slug%20averageRating HTTP/1.1" 200 441 "-" "PostmanRuntime/7.24.1"
::1 - - [15/Apr/2020:10:55:33 +0000] "GET /api/v1/categories?select=name%20slug%20averageRating&averageRating[$gt]=5 HTTP/1.1" 200 336 "-" "PostmanRuntime/7.24.1"
::1 - - [15/Apr/2020:10:55:40 +0000] "GET /api/v1/categories?select=name%20slug%20averageRating&averageRating[$gt]=4 HTTP/1.1" 200 441 "-" "PostmanRuntime/7.24.1"
::1 - - [15/Apr/2020:10:57:16 +0000] "GET /api/v1/categories?select=name%20slug%20averageRating&averageRating[$gt]=4&sort=name HTTP/1.1" 200 26 "-" "PostmanRuntime/7.24.1"
::1 - - [15/Apr/2020:10:59:07 +0000] "GET /api/v1/categories?select=name%20slug%20averageRating&averageRating[$gt]=4&sort=name HTTP/1.1" 200 441 "-" "PostmanRuntime/7.24.1"
::1 - - [15/Apr/2020:10:59:24 +0000] "GET /api/v1/categories?select=name%20slug%20averageRating&averageRating[$gt]=4&sort=-name HTTP/1.1" 200 441 "-" "PostmanRuntime/7.24.1"
::1 - - [15/Apr/2020:11:00:01 +0000] "GET /api/v1/categories?select=name%20slug%20averageRating&averageRating[$gt]=4&sort=averageRating HTTP/1.1" 200 441 "-" "PostmanRuntime/7.24.1"
::1 - - [15/Apr/2020:11:00:26 +0000] "PUT /api/v1/categories/5e9047fd49941f52dcb01b35 HTTP/1.1" 500 573 "-" "PostmanRuntime/7.24.1"
::1 - - [15/Apr/2020:11:00:54 +0000] "PUT /api/v1/categories/5e9047fd49941f52dcb01b35 HTTP/1.1" 200 290 "-" "PostmanRuntime/7.24.1"
::1 - - [15/Apr/2020:11:01:00 +0000] "GET /api/v1/categories?select=name%20slug%20averageRating&averageRating[$gt]=4&sort=averageRating HTTP/1.1" 200 441 "-" "PostmanRuntime/7.24.1"
::1 - - [15/Apr/2020:11:01:26 +0000] "GET /api/v1/categories?select=name%20slug%20averagePrice%20averageRating&averageRating[$gt]=4&sort=averageRating HTTP/1.1" 200 525 "-" "PostmanRuntime/7.24.1"
::1 - - [15/Apr/2020:11:01:40 +0000] "GET /api/v1/categories?select=name%20slug%20averagePrice%20averageRating&averageRating[$gt]=4&sort=-averageRating HTTP/1.1" 200 525 "-" "PostmanRuntime/7.24.1"
::1 - - [15/Apr/2020:11:02:14 +0000] "GET /api/v1/categories?select=name%20slug%20averagePrice%20averageRating&averageRating[$gt]=4&sort=-averageRating%20averagePrice HTTP/1.1" 200 525 "-" "PostmanRuntime/7.24.1"
::1 - - [15/Apr/2020:11:02:24 +0000] "GET /api/v1/categories?select=name%20slug%20averagePrice%20averageRating&averageRating[$gt]=4&sort=-averageRating%20-averagePrice HTTP/1.1" 200 525 "-" "PostmanRuntime/7.24.1"
::1 - - [17/Apr/2020:06:46:27 +0000] "GET /api/v1/categories?select=name%20slug%20averagePrice%20averageRating&averageRating[$gt]=4&sort=-averageRating%20-averagePrice HTTP/1.1" 200 525 "-" "PostmanRuntime/7.24.1"
::1 - - [17/Apr/2020:06:47:39 +0000] "GET /api/v1/categories?select=name HTTP/1.1" 200 285 "-" "PostmanRuntime/7.24.1"
::1 - - [17/Apr/2020:06:47:54 +0000] "GET /api/v1/categories?select=name&page=3&limit=1 HTTP/1.1" 200 26 "-" "PostmanRuntime/7.24.1"
::1 - - [17/Apr/2020:06:47:59 +0000] "GET /api/v1/categories?select=name HTTP/1.1" 200 285 "-" "PostmanRuntime/7.24.1"
::1 - - [17/Apr/2020:06:50:36 +0000] "GET /api/v1/categories?select=name HTTP/1.1" - - "-" "PostmanRuntime/7.24.1"
::1 - - [17/Apr/2020:06:51:10 +0000] "GET /api/v1/categories?select=name HTTP/1.1" 200 285 "-" "PostmanRuntime/7.24.1"
::1 - - [17/Apr/2020:06:51:20 +0000] "GET /api/v1/categories?select=name HTTP/1.1" 200 285 "-" "PostmanRuntime/7.24.1"
::1 - - [17/Apr/2020:06:53:12 +0000] "GET /api/v1/categories?select=name&page=2&limit=1 HTTP/1.1" 200 26 "-" "PostmanRuntime/7.24.1"
::1 - - [17/Apr/2020:06:54:57 +0000] "GET /api/v1/categories?select=name&page=2&limit=1 HTTP/1.1" 500 677 "-" "PostmanRuntime/7.24.1"
::1 - - [17/Apr/2020:06:55:39 +0000] "GET /api/v1/categories?select=name&page=2&limit=1 HTTP/1.1" 500 678 "-" "PostmanRuntime/7.24.1"
::1 - - [17/Apr/2020:06:58:54 +0000] "GET /api/v1/categories?select=name&page=2&limit=1 HTTP/1.1" 200 26 "-" "PostmanRuntime/7.24.1"
::1 - - [17/Apr/2020:07:00:17 +0000] "GET /api/v1/categories?select=name&page=2&limit=1 HTTP/1.1" 200 26 "-" "PostmanRuntime/7.24.1"
::1 - - [17/Apr/2020:07:04:18 +0000] "GET /api/v1/categories?select=name&page=2&limit=1 HTTP/1.1" 200 26 "-" "PostmanRuntime/7.24.1"
::1 - - [17/Apr/2020:07:06:31 +0000] "GET /api/v1/categories?select=name HTTP/1.1" 200 285 "-" "PostmanRuntime/7.24.1"
::1 - - [17/Apr/2020:07:07:19 +0000] "GET /api/v1/categories?select=name&page=20&limit=100 HTTP/1.1" 200 26 "-" "PostmanRuntime/7.24.1"
::1 - - [17/Apr/2020:07:07:34 +0000] "GET /api/v1/categories?select=name&page=2&limit=1 HTTP/1.1" 200 26 "-" "PostmanRuntime/7.24.1"
::1 - - [17/Apr/2020:07:08:12 +0000] "GET /api/v1/categories?select=name&name=%D0%A3%D1%80%D0%B0%D0%BD%20%D0%B7%D0%BE%D1%85%D0%B8%D0%BE%D0%BB HTTP/1.1" 200 91 "-" "PostmanRuntime/7.24.1"
::1 - - [17/Apr/2020:07:08:31 +0000] "GET /api/v1/categories?select=name&name=%D0%A3%D1%80%D0%B0%D0%BD%20%D0%B7%D0%BE%D1%85%D0%B8%D0%BE%D0%BB&page=2&limit=1 HTTP/1.1" 200 26 "-" "PostmanRuntime/7.24.1"
::1 - - [17/Apr/2020:07:10:45 +0000] "GET /api/v1/categories?select=name&name=%D0%A3%D1%80%D0%B0%D0%BD%20%D0%B7%D0%BE%D1%85%D0%B8%D0%BE%D0%BB&page=2&limit=1 HTTP/1.1" 200 91 "-" "PostmanRuntime/7.24.1"
::1 - - [17/Apr/2020:07:10:56 +0000] "GET /api/v1/categories?select=name&page=2&limit=1 HTTP/1.1" 200 91 "-" "PostmanRuntime/7.24.1"
::1 - - [17/Apr/2020:07:11:02 +0000] "GET /api/v1/categories?select=name&page=2&limit=2 HTTP/1.1" 200 158 "-" "PostmanRuntime/7.24.1"
::1 - - [17/Apr/2020:07:11:11 +0000] "GET /api/v1/categories?select=name&page=2 HTTP/1.1" 200 285 "-" "PostmanRuntime/7.24.1"
::1 - - [17/Apr/2020:07:12:29 +0000] "GET /api/v1/categories?select=name HTTP/1.1" 200 285 "-" "PostmanRuntime/7.24.1"
::1 - - [17/Apr/2020:07:23:03 +0000] "GET /api/v1/categories?select=name&page=2&limit=1 HTTP/1.1" 200 175 "-" "PostmanRuntime/7.24.1"
::1 - - [17/Apr/2020:07:23:32 +0000] "GET /api/v1/categories?select=name&page=3&limit=1 HTTP/1.1" 200 165 "-" "PostmanRuntime/7.24.1"
::1 - - [17/Apr/2020:07:23:42 +0000] "GET /api/v1/categories?select=name&page=4&limit=1 HTTP/1.1" 200 165 "-" "PostmanRuntime/7.24.1"
::1 - - [17/Apr/2020:07:24:01 +0000] "GET /api/v1/categories?select=name&page=1&limit=1 HTTP/1.1" 200 161 "-" "PostmanRuntime/7.24.1"
::1 - - [17/Apr/2020:07:24:17 +0000] "GET /api/v1/categories?select=name&page=1&limit=2 HTTP/1.1" 200 228 "-" "PostmanRuntime/7.24.1"
::1 - - [17/Apr/2020:07:24:34 +0000] "GET /api/v1/categories?select=name&page=2&limit=2 HTTP/1.1" 200 222 "-" "PostmanRuntime/7.24.1"
::1 - - [17/Apr/2020:07:24:48 +0000] "GET /api/v1/categories?select=name&page=3&limit=2 HTTP/1.1" 200 96 "-" "PostmanRuntime/7.24.1"
::1 - - [17/Apr/2020:07:27:00 +0000] "GET /api/v1/categories?select=name&page=1&limit=2 HTTP/1.1" 200 228 "-" "PostmanRuntime/7.24.1"
::1 - - [17/Apr/2020:07:27:05 +0000] "GET /api/v1/categories?select=name&page=2&limit=2 HTTP/1.1" 200 222 "-" "PostmanRuntime/7.24.1"
::1 - - [17/Apr/2020:07:27:12 +0000] "GET /api/v1/categories?select=name&page=1&limit=3 HTTP/1.1" 200 285 "-" "PostmanRuntime/7.24.1"
::1 - - [17/Apr/2020:07:27:22 +0000] "GET /api/v1/categories?select=name&page=2&limit=3 HTTP/1.1" 200 165 "-" "PostmanRuntime/7.24.1"
::1 - - [17/Apr/2020:07:28:04 +0000] "GET /api/v1/categories?select=name HTTP/1.1" 200 342 "-" "PostmanRuntime/7.24.1"
::1 - - [17/Apr/2020:07:28:48 +0000] "GET /api/v1/categories?select=name&page=2&limit=3 HTTP/1.1" 200 165 "-" "PostmanRuntime/7.24.1"
::1 - - [17/Apr/2020:07:29:29 +0000] "GET /api/v1/categories?select=name HTTP/1.1" 200 342 "-" "PostmanRuntime/7.24.1"
::1 - - [17/Apr/2020:07:30:13 +0000] "GET /api/v1/categories?select=name HTTP/1.1" 200 354 "-" "PostmanRuntime/7.24.1"
::1 - - [18/Apr/2020:05:45:18 +0000] "GET /api/v1/categories HTTP/1.1" 200 1291 "-" "PostmanRuntime/7.24.1"
::1 - - [18/Apr/2020:05:45:31 +0000] "GET /api/v1/categories/5e90434cd433fa11b078ed8a HTTP/1.1" 200 328 "-" "PostmanRuntime/7.24.1"
::1 - - [18/Apr/2020:05:55:04 +0000] "GET /api/v1/books HTTP/1.1" 500 28 "-" "PostmanRuntime/7.24.1"
::1 - - [18/Apr/2020:06:07:35 +0000] "GET /api/v1/books HTTP/1.1" 500 28 "-" "PostmanRuntime/7.24.1"
::1 - - [18/Apr/2020:06:08:53 +0000] "GET /api/v1/books HTTP/1.1" 500 28 "-" "PostmanRuntime/7.24.1"
::1 - - [18/Apr/2020:06:12:13 +0000] "GET /api/v1/books HTTP/1.1" 200 28905 "-" "PostmanRuntime/7.24.1"
::1 - - [18/Apr/2020:06:12:55 +0000] "GET /api/v1/books HTTP/1.1" 500 28 "-" "PostmanRuntime/7.24.1"
::1 - - [18/Apr/2020:06:13:09 +0000] "GET /api/v1/books HTTP/1.1" 200 28916 "-" "PostmanRuntime/7.24.1"
::1 - - [18/Apr/2020:06:13:18 +0000] "GET /api/v1/books HTTP/1.1" 200 28905 "-" "PostmanRuntime/7.24.1"
::1 - - [18/Apr/2020:06:14:45 +0000] "GET /api/v1/books HTTP/1.1" 200 28916 "-" "PostmanRuntime/7.24.1"
::1 - - [18/Apr/2020:06:16:55 +0000] "GET /api/v1/books HTTP/1.1" 200 28916 "-" "PostmanRuntime/7.24.1"
::1 - - [18/Apr/2020:06:22:41 +0000] "GET /api/v1/books HTTP/1.1" 200 28916 "-" "PostmanRuntime/7.24.1"
::1 - - [18/Apr/2020:06:23:30 +0000] "GET /api/v1/books HTTP/1.1" 200 28916 "-" "PostmanRuntime/7.24.1"
::1 - - [18/Apr/2020:06:23:39 +0000] "GET /api/v1/books HTTP/1.1" 200 28905 "-" "PostmanRuntime/7.24.1"
::1 - - [18/Apr/2020:06:24:52 +0000] "GET /api/v1/books HTTP/1.1" 200 28905 "-" "PostmanRuntime/7.24.1"
::1 - - [18/Apr/2020:06:25:27 +0000] "GET /api/v1/books HTTP/1.1" 200 28916 "-" "PostmanRuntime/7.24.1"
::1 - - [18/Apr/2020:06:26:32 +0000] "GET /api/v1/categories HTTP/1.1" 200 1291 "-" "PostmanRuntime/7.24.1"
::1 - - [18/Apr/2020:06:26:35 +0000] "GET /api/v1/books HTTP/1.1" 200 28916 "-" "PostmanRuntime/7.24.1"
::1 - - [18/Apr/2020:06:26:43 +0000] "GET /api/v1/categories/5e90434cd433fa11b078ed8a HTTP/1.1" 200 328 "-" "PostmanRuntime/7.24.1"
::1 - - [18/Apr/2020:06:29:47 +0000] "GET /api/v1/categories/5e90434cd433fa11b078ed8a/books HTTP/1.1" 404 187 "-" "PostmanRuntime/7.24.1"
::1 - - [18/Apr/2020:06:32:26 +0000] "GET /api/v1/categories/5e90434cd433fa11b078ed8a/books HTTP/1.1" 200 28916 "-" "PostmanRuntime/7.24.1"
::1 - - [18/Apr/2020:06:32:34 +0000] "GET /api/v1/categories/5e90434cd433fa11b078ed8a/books HTTP/1.1" 200 28916 "-" "PostmanRuntime/7.24.1"
::1 - - [18/Apr/2020:06:34:21 +0000] "GET /api/v1/categories/5e90434cd433fa11b078ed8a/books HTTP/1.1" 200 7858 "-" "PostmanRuntime/7.24.1"
::1 - - [18/Apr/2020:06:34:54 +0000] "GET /api/v1/categories/5e90478549941f52dcb01b34/books HTTP/1.1" 200 7113 "-" "PostmanRuntime/7.24.1"
::1 - - [18/Apr/2020:06:37:37 +0000] "GET /api/v1/categories/5e90478549941f52dcb01b34/books HTTP/1.1" 200 28916 "-" "PostmanRuntime/7.24.1"
::1 - - [18/Apr/2020:06:40:16 +0000] "GET /api/v1/categories/5e90478549941f52dcb01b34/books HTTP/1.1" 200 7113 "-" "PostmanRuntime/7.24.1"
::1 - - [18/Apr/2020:06:43:17 +0000] "GET /api/v1/books HTTP/1.1" 200 28916 "-" "PostmanRuntime/7.24.1"
::1 - - [18/Apr/2020:06:43:19 +0000] "GET /api/v1/categories/5e90478549941f52dcb01b34/books HTTP/1.1" 200 7113 "-" "PostmanRuntime/7.24.1"
::1 - - [03/Feb/2021:16:34:57 +0000] "GET /api/v1/categories HTTP/1.1" 200 1291 "-" "PostmanRuntime/7.26.8"
::1 - - [03/Feb/2021:16:35:04 +0000] "GET /api/v1/categories/5e9047fd49941f52dcb01b35/books/ HTTP/1.1" 200 6934 "-" "PostmanRuntime/7.26.8"
::1 - - [03/Feb/2021:16:43:03 +0000] "GET /api/v1/categories/5e9047fd49941f52dcb01b35 HTTP/1.1" 200 290 "-" "PostmanRuntime/7.26.8"
::1 - - [03/Feb/2021:16:43:24 +0000] "GET /api/v1/categories/5e9047fd49941f52dcb01b35/books/ HTTP/1.1" 200 6934 "-" "PostmanRuntime/7.26.8"
::1 - - [03/Feb/2021:16:44:26 +0000] "GET /api/v1/books/ HTTP/1.1" 200 34041 "-" "PostmanRuntime/7.26.8"
::1 - - [03/Feb/2021:16:48:42 +0000] "GET /api/v1/books/ HTTP/1.1" 200 30203 "-" "PostmanRuntime/7.26.8"
::1 - - [03/Feb/2021:17:06:41 +0000] "GET /api/v1/books/ HTTP/1.1" 200 31298 "-" "PostmanRuntime/7.26.8"
::1 - - [03/Feb/2021:17:17:27 +0000] "GET /api/v1/categories/5e9047fd49941f52dcb01b35 HTTP/1.1" 200 7474 "-" "PostmanRuntime/7.26.8"
::1 - - [05/Feb/2021:04:56:18 +0000] "GET /api/v1/categories/5e9047fd49941f52dcb01b35 HTTP/1.1" 200 7474 "-" "PostmanRuntime/7.26.8"
::1 - - [05/Feb/2021:04:56:28 +0000] "GET /api/v1/books/ HTTP/1.1" 200 31874 "-" "PostmanRuntime/7.26.8"
::1 - - [05/Feb/2021:04:56:41 +0000] "GET /api/v1/categories/5e9047fd49941f52dcb01b35 HTTP/1.1" 200 7474 "-" "PostmanRuntime/7.26.8"
::1 - - [05/Feb/2021:04:59:35 +0000] "GET /api/v1/books/ HTTP/1.1" 200 31874 "-" "PostmanRuntime/7.26.8"
::1 - - [05/Feb/2021:05:05:20 +0000] "GET /api/v1/books/ HTTP/1.1" 200 31874 "-" "PostmanRuntime/7.26.8"
::1 - - [07/Feb/2021:05:10:48 +0000] "GET /api/v1/categories/5e9047fd49941f52dcb01b35 HTTP/1.1" 200 7474 "-" "PostmanRuntime/7.26.8"
::1 - - [07/Feb/2021:05:10:56 +0000] "GET /api/v1/categories HTTP/1.1" 200 1419 "-" "PostmanRuntime/7.26.8"
::1 - - [07/Feb/2021:05:11:29 +0000] "GET /api/v1/categories/5e9047fd49941f52dcb01b35 HTTP/1.1" 200 7474 "-" "PostmanRuntime/7.26.8"
::1 - - [07/Feb/2021:05:32:14 +0000] "GET /api/v1/categories/5e9047fd49941f52dcb01b35 HTTP/1.1" 200 7475 "-" "PostmanRuntime/7.26.8"
::1 - - [07/Feb/2021:05:32:16 +0000] "GET /api/v1/categories/5e9047fd49941f52dcb01b35 HTTP/1.1" 200 7476 "-" "PostmanRuntime/7.26.8"
::1 - - [07/Feb/2021:05:32:21 +0000] "GET /api/v1/categories HTTP/1.1" 200 1422 "-" "PostmanRuntime/7.26.8"
::1 - - [07/Feb/2021:05:36:06 +0000] "GET /api/v1/books/ HTTP/1.1" 200 31882 "-" "PostmanRuntime/7.26.8"
::1 - - [07/Feb/2021:05:36:13 +0000] "DELETE /api/v1/categories/601285b201da9c6f9aa9bfd5 HTTP/1.1" 400 44 "-" "PostmanRuntime/7.26.8"
::1 - - [07/Feb/2021:05:36:21 +0000] "GET /api/v1/books/ HTTP/1.1" 200 31882 "-" "PostmanRuntime/7.26.8"
::1 - - [07/Feb/2021:05:37:16 +0000] "GET /api/v1/categories HTTP/1.1" 200 1422 "-" "PostmanRuntime/7.26.8"
::1 - - [07/Feb/2021:05:37:27 +0000] "GET /api/v1/categories/5e9047fd49941f52dcb01b35 HTTP/1.1" 200 7478 "-" "PostmanRuntime/7.26.8"
::1 - - [07/Feb/2021:05:37:33 +0000] "DELETE /api/v1/categories/5e9047fd49941f52dcb01b35 HTTP/1.1" 200 327 "-" "PostmanRuntime/7.26.8"
::1 - - [07/Feb/2021:05:37:38 +0000] "GET /api/v1/books/ HTTP/1.1" 200 24400 "-" "PostmanRuntime/7.26.8"
::1 - - [07/Feb/2021:05:37:44 +0000] "GET /api/v1/categories HTTP/1.1" 200 1120 "-" "PostmanRuntime/7.26.8"
::1 - - [07/Feb/2021:05:39:47 +0000] "DELETE /api/v1/categories/5e9047fd49941f52dcb01b35 HTTP/1.1" 400 44 "-" "PostmanRuntime/7.26.8"
::1 - - [07/Feb/2021:05:46:49 +0000] "GET /api/v1/categories HTTP/1.1" 200 1120 "-" "PostmanRuntime/7.26.8"
::1 - - [07/Feb/2021:05:46:59 +0000] "DELETE /api/v1/categories/5e90434cd433fa11b078ed8a HTTP/1.1" 200 360 "-" "PostmanRuntime/7.26.8"
::1 - - [07/Feb/2021:05:47:27 +0000] "GET /api/v1/books/ HTTP/1.1" 200 23830 "-" "PostmanRuntime/7.26.8"
::1 - - [07/Feb/2021:05:48:36 +0000] "GET /api/v1/books/ HTTP/1.1" 200 31652 "-" "PostmanRuntime/7.26.8"
::1 - - [07/Feb/2021:05:48:41 +0000] "GET /api/v1/categories HTTP/1.1" 200 1420 "-" "PostmanRuntime/7.26.8"
::1 - - [07/Feb/2021:05:49:50 +0000] "GET /api/v1/categories HTTP/1.1" 200 1420 "-" "PostmanRuntime/7.26.8"
::1 - - [07/Feb/2021:06:01:11 +0000] "GET /api/v1/books/ HTTP/1.1" 200 31652 "-" "PostmanRuntime/7.26.8"
::1 - - [07/Feb/2021:06:01:41 +0000] "GET /api/v1/books/601f7f2536279d0fda6daab1 HTTP/1.1" 404 176 "-" "PostmanRuntime/7.26.8"
::1 - - [07/Feb/2021:06:02:40 +0000] "GET /api/v1/books/601f7f2536279d0fda6daab1 HTTP/1.1" 200 1776 "-" "PostmanRuntime/7.26.8"
::1 - - [07/Feb/2021:06:11:57 +0000] "GET /api/v1/categories/5e9047fd49941f52dcb01b35/books/ HTTP/1.1" 200 7127 "-" "PostmanRuntime/7.26.8"
::1 - - [07/Feb/2021:06:12:04 +0000] "GET /api/v1/categories/5e9047fd49941f52dcb01b35 HTTP/1.1" 200 7424 "-" "PostmanRuntime/7.26.8"
::1 - - [07/Feb/2021:06:19:20 +0000] "GET /api/v1/books/601f7f2536279d0fda6daab1 HTTP/1.1" 200 1776 "-" "PostmanRuntime/7.26.8"
::1 - - [07/Feb/2021:06:19:30 +0000] "GET /api/v1/books/ HTTP/1.1" 200 31652 "-" "PostmanRuntime/7.26.8"
::1 - - [07/Feb/2021:06:21:37 +0000] "POST /api/v1/books/ HTTP/1.1" 200 793 "-" "PostmanRuntime/7.26.8"
::1 - - [07/Feb/2021:06:21:44 +0000] "GET /api/v1/books/ HTTP/1.1" 200 32515 "-" "PostmanRuntime/7.26.8"
::1 - - [07/Feb/2021:06:22:07 +0000] "POST /api/v1/books/ HTTP/1.1" 500 235 "-" "PostmanRuntime/7.26.8"
::1 - - [07/Feb/2021:06:26:45 +0000] "GET /api/v1/books/ HTTP/1.1" 200 32515 "-" "PostmanRuntime/7.26.8"
::1 - - [07/Feb/2021:06:27:12 +0000] "DELETE /api/v1/books/601f7f2636279d0fda6daac2 HTTP/1.1" 200 800 "-" "PostmanRuntime/7.26.8"
::1 - - [07/Feb/2021:06:27:33 +0000] "GET /api/v1/books/601f7f2636279d0fda6daab9 HTTP/1.1" 200 1488 "-" "PostmanRuntime/7.26.8"
::1 - - [07/Feb/2021:06:28:10 +0000] "DELETE /api/v1/books/601f7f2636279d0fda6daac2 HTTP/1.1" 404 44 "-" "PostmanRuntime/7.26.8"
::1 - - [07/Feb/2021:06:28:19 +0000] "GET /api/v1/books/ HTTP/1.1" 200 31645 "-" "PostmanRuntime/7.26.8"
::1 - - [07/Feb/2021:06:28:26 +0000] "GET /api/v1/books/601f7f2536279d0fda6daab1 HTTP/1.1" 200 1776 "-" "PostmanRuntime/7.26.8"
::1 - - [07/Feb/2021:06:28:31 +0000] "DELETE /api/v1/books/601f7f2536279d0fda6daab1 HTTP/1.1" 200 1776 "-" "PostmanRuntime/7.26.8"
::1 - - [07/Feb/2021:06:28:34 +0000] "GET /api/v1/books/601f7f2536279d0fda6daab1 HTTP/1.1" 404 44 "-" "PostmanRuntime/7.26.8"
::1 - - [07/Feb/2021:06:31:48 +0000] "GET /api/v1/books/601f7f2536279d0fda6daab1 HTTP/1.1" 404 44 "-" "PostmanRuntime/7.26.8"
::1 - - [07/Feb/2021:06:31:53 +0000] "GET /api/v1/books/ HTTP/1.1" 200 29796 "-" "PostmanRuntime/7.26.8"
::1 - - [07/Feb/2021:06:32:02 +0000] "GET /api/v1/books/601f7f2536279d0fda6daab2 HTTP/1.1" 200 1859 "-" "PostmanRuntime/7.26.8"
::1 - - [07/Feb/2021:06:32:10 +0000] "PUT /api/v1/books/601f7f2536279d0fda6daab2 HTTP/1.1" 404 176 "-" "PostmanRuntime/7.26.8"
::1 - - [07/Feb/2021:06:33:50 +0000] "PUT /api/v1/books/601f7f2536279d0fda6daab2 HTTP/1.1" 404 176 "-" "PostmanRuntime/7.26.8"
::1 - - [07/Feb/2021:06:34:38 +0000] "PUT /api/v1/books/601f7f2536279d0fda6daab2 HTTP/1.1" 404 176 "-" "PostmanRuntime/7.26.8"
::1 - - [07/Feb/2021:06:39:34 +0000] "GET /api/v1/books/601f7f2536279d0fda6daab2 HTTP/1.1" 200 1859 "-" "PostmanRuntime/7.26.8"
::1 - - [07/Feb/2021:06:39:38 +0000] "PUT /api/v1/books/601f7f2536279d0fda6daab2 HTTP/1.1" 404 176 "-" "PostmanRuntime/7.26.8"
::1 - - [07/Feb/2021:06:39:47 +0000] "PUT /api/v1/books/601f7f2536279d0fda6daab2 HTTP/1.1" 404 176 "-" "PostmanRuntime/7.26.8"
::1 - - [07/Feb/2021:06:39:54 +0000] "GET /api/v1/books/601f7f2536279d0fda6daab2 HTTP/1.1" 200 1859 "-" "PostmanRuntime/7.26.8"
::1 - - [07/Feb/2021:06:40:22 +0000] "PUT /api/v1/books/601f7f2536279d0fda6daab2 HTTP/1.1" 400 44 "-" "PostmanRuntime/7.26.8"
::1 - - [07/Feb/2021:06:40:27 +0000] "GET /api/v1/books/601f7f2536279d0fda6daab2 HTTP/1.1" 200 1859 "-" "PostmanRuntime/7.26.8"
::1 - - [07/Feb/2021:06:40:54 +0000] "GET /api/v1/books/ HTTP/1.1" 200 29796 "-" "PostmanRuntime/7.26.8"
::1 - - [07/Feb/2021:06:41:02 +0000] "PUT /api/v1/books/601f7f2536279d0fda6daab2 HTTP/1.1" 400 44 "-" "PostmanRuntime/7.26.8"
::1 - - [07/Feb/2021:06:41:09 +0000] "PUT /api/v1/books/601f7f2536279d0fda6daab2 HTTP/1.1" 400 44 "-" "PostmanRuntime/7.26.8"
::1 - - [07/Feb/2021:06:41:38 +0000] "PUT /api/v1/books/601f7f2536279d0fda6daab2 HTTP/1.1" 200 1822 "-" "PostmanRuntime/7.26.8"
